DEBUG - 2025-11-04 09:49:25 --> Session: Class initialized using 'CodeIgniter\Session\Handlers\FileHandler' driver.
CRITICAL - 2025-11-04 10:00:05 --> ErrorException: fopen(/var/www/html/finance/writable/session/ci_sessionb5779e241dd184570df25e94935489da): Failed to open stream: Permission denied
[Method: GET, Route: /]
in SYSTEMPATH/Session/Handlers/FileHandler.php on line 130.
 1 [internal function]: CodeIgniter\Debug\Exceptions->errorHandler()
 2 SYSTEMPATH/Session/Handlers/FileHandler.php(130): fopen()
 3 [internal function]: CodeIgniter\Session\Handlers\FileHandler->read()
 4 SYSTEMPATH/Session/Session.php(912): session_start()
 5 SYSTEMPATH/Session/Session.php(243): CodeIgniter\Session\Session->startSession()
 6 SYSTEMPATH/Config/Services.php(710): CodeIgniter\Session\Session->start()
 7 SYSTEMPATH/Config/BaseService.php(312): CodeIgniter\Config\Services::session()
 8 SYSTEMPATH/Config/BaseService.php(251): CodeIgniter\Config\BaseService::__callStatic()
 9 SYSTEMPATH/Config/Services.php(668): CodeIgniter\Config\BaseService::getSharedInstance()
10 SYSTEMPATH/Config/BaseService.php(321): CodeIgniter\Config\Services::session()
11 SYSTEMPATH/Config/BaseService.php(202): CodeIgniter\Config\BaseService::__callStatic()
12 SYSTEMPATH/Common.php(1000): CodeIgniter\Config\BaseService::get()
13 SYSTEMPATH/Common.php(973): service()
14 APPPATH/Controllers/Access.php(17): session()
15 SYSTEMPATH/CodeIgniter.php(933): App\Controllers\Access->index()
16 SYSTEMPATH/CodeIgniter.php(507): CodeIgniter\CodeIgniter->runController()
17 SYSTEMPATH/CodeIgniter.php(354): CodeIgniter\CodeIgniter->handleRequest()
18 SYSTEMPATH/Boot.php(334): CodeIgniter\CodeIgniter->run()
19 SYSTEMPATH/Boot.php(67): CodeIgniter\Boot::runCodeIgniter()
20 FCPATH/index.php(59): CodeIgniter\Boot::bootWeb()
DEBUG - 2025-11-04 10:01:01 --> Session: Class initialized using 'CodeIgniter\Session\Handlers\FileHandler' driver.
DEBUG - 2025-11-04 10:01:14 --> Session: Class initialized using 'CodeIgniter\Session\Handlers\FileHandler' driver.
DEBUG - 2025-11-04 10:01:18 --> Session: Class initialized using 'CodeIgniter\Session\Handlers\FileHandler' driver.
DEBUG - 2025-11-04 10:02:19 --> Session: Class initialized using 'CodeIgniter\Session\Handlers\FileHandler' driver.
DEBUG - 2025-11-04 10:18:24 --> Session: Class initialized using 'CodeIgniter\Session\Handlers\FileHandler' driver.
DEBUG - 2025-11-04 10:18:30 --> Session: Class initialized using 'CodeIgniter\Session\Handlers\FileHandler' driver.
DEBUG - 2025-11-04 10:18:45 --> Session: Class initialized using 'CodeIgniter\Session\Handlers\FileHandler' driver.
DEBUG - 2025-11-04 10:19:03 --> Session: Class initialized using 'CodeIgniter\Session\Handlers\FileHandler' driver.
DEBUG - 2025-11-04 10:19:04 --> Session: Class initialized using 'CodeIgniter\Session\Handlers\FileHandler' driver.
DEBUG - 2025-11-04 10:20:14 --> Session: Class initialized using 'CodeIgniter\Session\Handlers\FileHandler' driver.
DEBUG - 2025-11-04 10:20:23 --> Session: Class initialized using 'CodeIgniter\Session\Handlers\FileHandler' driver.
DEBUG - 2025-11-04 10:28:48 --> Session: Class initialized using 'CodeIgniter\Session\Handlers\FileHandler' driver.
DEBUG - 2025-11-04 10:28:55 --> Session: Class initialized using 'CodeIgniter\Session\Handlers\FileHandler' driver.
DEBUG - 2025-11-04 10:36:19 --> Session: Class initialized using 'CodeIgniter\Session\Handlers\FileHandler' driver.
DEBUG - 2025-11-04 10:36:36 --> Session: Class initialized using 'CodeIgniter\Session\Handlers\FileHandler' driver.
DEBUG - 2025-11-04 10:37:05 --> Session: Class initialized using 'CodeIgniter\Session\Handlers\FileHandler' driver.
INFO - 2025-11-04 10:37:07 --> CSRF token verified.
DEBUG - 2025-11-04 10:37:07 --> Session: Class initialized using 'CodeIgniter\Session\Handlers\FileHandler' driver.
DEBUG - 2025-11-04 10:37:07 --> Session: Class initialized using 'CodeIgniter\Session\Handlers\FileHandler' driver.
DEBUG - 2025-11-04 10:37:12 --> Session: Class initialized using 'CodeIgniter\Session\Handlers\FileHandler' driver.
INFO - 2025-11-04 10:37:23 --> CSRF token verified.
DEBUG - 2025-11-04 10:37:23 --> Session: Class initialized using 'CodeIgniter\Session\Handlers\FileHandler' driver.
ERROR - 2025-11-04 10:37:23 --> Error connecting to the database: Error: Call to undefined function CodeIgniter\Database\Postgre\pg_connect() in /var/www/html/finance/vendor/codeigniter4/framework/system/Database/Postgre/Connection.php:78
Stack trace:
#0 /var/www/html/finance/vendor/codeigniter4/framework/system/Database/BaseConnection.php(421): CodeIgniter\Database\Postgre\Connection->connect()
#1 /var/www/html/finance/vendor/codeigniter4/framework/system/Database/BaseConnection.php(620): CodeIgniter\Database\BaseConnection->initialize()
#2 /var/www/html/finance/app/Models/AccessModel.php(64): CodeIgniter\Database\BaseConnection->query()
#3 /var/www/html/finance/app/Models/AccessModel.php(39): App\Models\AccessModel->getByEmail()
#4 /var/www/html/finance/app/Controllers/Access.php(61): App\Models\AccessModel->register()
#5 /var/www/html/finance/vendor/codeigniter4/framework/system/CodeIgniter.php(933): App\Controllers\Access->register()
#6 /var/www/html/finance/vendor/codeigniter4/framework/system/CodeIgniter.php(507): CodeIgniter\CodeIgniter->runController()
#7 /var/www/html/finance/vendor/codeigniter4/framework/system/CodeIgniter.php(354): CodeIgniter\CodeIgniter->handleRequest()
#8 /var/www/html/finance/vendor/codeigniter4/framework/system/Boot.php(334): CodeIgniter\CodeIgniter->run()
#9 /var/www/html/finance/vendor/codeigniter4/framework/system/Boot.php(67): CodeIgniter\Boot::runCodeIgniter()
#10 /var/www/html/finance/public/index.php(59): CodeIgniter\Boot::bootWeb()
#11 {main}
CRITICAL - 2025-11-04 10:37:23 --> CodeIgniter\Database\Exceptions\DatabaseException: Unable to connect to the database.
Main connection [Postgre]: Call to undefined function CodeIgniter\Database\Postgre\pg_connect()
[Method: POST, Route: access/register]
in SYSTEMPATH/Database/BaseConnection.php on line 467.
 1 SYSTEMPATH/Database/BaseConnection.php(620): CodeIgniter\Database\BaseConnection->initialize()
 2 APPPATH/Models/AccessModel.php(64): CodeIgniter\Database\BaseConnection->query()
 3 APPPATH/Models/AccessModel.php(39): App\Models\AccessModel->getByEmail()
 4 APPPATH/Controllers/Access.php(61): App\Models\AccessModel->register()
 5 SYSTEMPATH/CodeIgniter.php(933): App\Controllers\Access->register()
 6 SYSTEMPATH/CodeIgniter.php(507): CodeIgniter\CodeIgniter->runController()
 7 SYSTEMPATH/CodeIgniter.php(354): CodeIgniter\CodeIgniter->handleRequest()
 8 SYSTEMPATH/Boot.php(334): CodeIgniter\CodeIgniter->run()
 9 SYSTEMPATH/Boot.php(67): CodeIgniter\Boot::runCodeIgniter()
10 FCPATH/index.php(59): CodeIgniter\Boot::bootWeb()
INFO - 2025-11-04 10:37:55 --> CSRF token verified.
DEBUG - 2025-11-04 10:37:55 --> Session: Class initialized using 'CodeIgniter\Session\Handlers\FileHandler' driver.
ERROR - 2025-11-04 10:37:55 --> Error connecting to the database: Error: Call to undefined function CodeIgniter\Database\Postgre\pg_connect() in /var/www/html/finance/vendor/codeigniter4/framework/system/Database/Postgre/Connection.php:78
Stack trace:
#0 /var/www/html/finance/vendor/codeigniter4/framework/system/Database/BaseConnection.php(421): CodeIgniter\Database\Postgre\Connection->connect()
#1 /var/www/html/finance/vendor/codeigniter4/framework/system/Database/BaseConnection.php(620): CodeIgniter\Database\BaseConnection->initialize()
#2 /var/www/html/finance/app/Models/AccessModel.php(64): CodeIgniter\Database\BaseConnection->query()
#3 /var/www/html/finance/app/Models/AccessModel.php(39): App\Models\AccessModel->getByEmail()
#4 /var/www/html/finance/app/Controllers/Access.php(61): App\Models\AccessModel->register()
#5 /var/www/html/finance/vendor/codeigniter4/framework/system/CodeIgniter.php(933): App\Controllers\Access->register()
#6 /var/www/html/finance/vendor/codeigniter4/framework/system/CodeIgniter.php(507): CodeIgniter\CodeIgniter->runController()
#7 /var/www/html/finance/vendor/codeigniter4/framework/system/CodeIgniter.php(354): CodeIgniter\CodeIgniter->handleRequest()
#8 /var/www/html/finance/vendor/codeigniter4/framework/system/Boot.php(334): CodeIgniter\CodeIgniter->run()
#9 /var/www/html/finance/vendor/codeigniter4/framework/system/Boot.php(67): CodeIgniter\Boot::runCodeIgniter()
#10 /var/www/html/finance/public/index.php(59): CodeIgniter\Boot::bootWeb()
#11 {main}
CRITICAL - 2025-11-04 10:37:55 --> CodeIgniter\Database\Exceptions\DatabaseException: Unable to connect to the database.
Main connection [Postgre]: Call to undefined function CodeIgniter\Database\Postgre\pg_connect()
[Method: POST, Route: access/register]
in SYSTEMPATH/Database/BaseConnection.php on line 467.
 1 SYSTEMPATH/Database/BaseConnection.php(620): CodeIgniter\Database\BaseConnection->initialize()
 2 APPPATH/Models/AccessModel.php(64): CodeIgniter\Database\BaseConnection->query()
 3 APPPATH/Models/AccessModel.php(39): App\Models\AccessModel->getByEmail()
 4 APPPATH/Controllers/Access.php(61): App\Models\AccessModel->register()
 5 SYSTEMPATH/CodeIgniter.php(933): App\Controllers\Access->register()
 6 SYSTEMPATH/CodeIgniter.php(507): CodeIgniter\CodeIgniter->runController()
 7 SYSTEMPATH/CodeIgniter.php(354): CodeIgniter\CodeIgniter->handleRequest()
 8 SYSTEMPATH/Boot.php(334): CodeIgniter\CodeIgniter->run()
 9 SYSTEMPATH/Boot.php(67): CodeIgniter\Boot::runCodeIgniter()
10 FCPATH/index.php(59): CodeIgniter\Boot::bootWeb()
INFO - 2025-11-04 10:37:58 --> CSRF token verified.
DEBUG - 2025-11-04 10:37:58 --> Session: Class initialized using 'CodeIgniter\Session\Handlers\FileHandler' driver.
ERROR - 2025-11-04 10:37:58 --> Error connecting to the database: Error: Call to undefined function CodeIgniter\Database\Postgre\pg_connect() in /var/www/html/finance/vendor/codeigniter4/framework/system/Database/Postgre/Connection.php:78
Stack trace:
#0 /var/www/html/finance/vendor/codeigniter4/framework/system/Database/BaseConnection.php(421): CodeIgniter\Database\Postgre\Connection->connect()
#1 /var/www/html/finance/vendor/codeigniter4/framework/system/Database/BaseConnection.php(620): CodeIgniter\Database\BaseConnection->initialize()
#2 /var/www/html/finance/app/Models/AccessModel.php(64): CodeIgniter\Database\BaseConnection->query()
#3 /var/www/html/finance/app/Models/AccessModel.php(39): App\Models\AccessModel->getByEmail()
#4 /var/www/html/finance/app/Controllers/Access.php(61): App\Models\AccessModel->register()
#5 /var/www/html/finance/vendor/codeigniter4/framework/system/CodeIgniter.php(933): App\Controllers\Access->register()
#6 /var/www/html/finance/vendor/codeigniter4/framework/system/CodeIgniter.php(507): CodeIgniter\CodeIgniter->runController()
#7 /var/www/html/finance/vendor/codeigniter4/framework/system/CodeIgniter.php(354): CodeIgniter\CodeIgniter->handleRequest()
#8 /var/www/html/finance/vendor/codeigniter4/framework/system/Boot.php(334): CodeIgniter\CodeIgniter->run()
#9 /var/www/html/finance/vendor/codeigniter4/framework/system/Boot.php(67): CodeIgniter\Boot::runCodeIgniter()
#10 /var/www/html/finance/public/index.php(59): CodeIgniter\Boot::bootWeb()
#11 {main}
CRITICAL - 2025-11-04 10:37:58 --> CodeIgniter\Database\Exceptions\DatabaseException: Unable to connect to the database.
Main connection [Postgre]: Call to undefined function CodeIgniter\Database\Postgre\pg_connect()
[Method: POST, Route: access/register]
in SYSTEMPATH/Database/BaseConnection.php on line 467.
 1 SYSTEMPATH/Database/BaseConnection.php(620): CodeIgniter\Database\BaseConnection->initialize()
 2 APPPATH/Models/AccessModel.php(64): CodeIgniter\Database\BaseConnection->query()
 3 APPPATH/Models/AccessModel.php(39): App\Models\AccessModel->getByEmail()
 4 APPPATH/Controllers/Access.php(61): App\Models\AccessModel->register()
 5 SYSTEMPATH/CodeIgniter.php(933): App\Controllers\Access->register()
 6 SYSTEMPATH/CodeIgniter.php(507): CodeIgniter\CodeIgniter->runController()
 7 SYSTEMPATH/CodeIgniter.php(354): CodeIgniter\CodeIgniter->handleRequest()
 8 SYSTEMPATH/Boot.php(334): CodeIgniter\CodeIgniter->run()
 9 SYSTEMPATH/Boot.php(67): CodeIgniter\Boot::runCodeIgniter()
10 FCPATH/index.php(59): CodeIgniter\Boot::bootWeb()
DEBUG - 2025-11-04 10:38:15 --> Session: Class initialized using 'CodeIgniter\Session\Handlers\FileHandler' driver.
DEBUG - 2025-11-04 10:38:15 --> Session: Class initialized using 'CodeIgniter\Session\Handlers\FileHandler' driver.
DEBUG - 2025-11-04 10:38:19 --> Session: Class initialized using 'CodeIgniter\Session\Handlers\FileHandler' driver.
DEBUG - 2025-11-04 10:38:21 --> Session: Class initialized using 'CodeIgniter\Session\Handlers\FileHandler' driver.
DEBUG - 2025-11-04 10:38:24 --> Session: Class initialized using 'CodeIgniter\Session\Handlers\FileHandler' driver.
INFO - 2025-11-04 10:38:39 --> CSRF token verified.
DEBUG - 2025-11-04 10:38:39 --> Session: Class initialized using 'CodeIgniter\Session\Handlers\FileHandler' driver.
ERROR - 2025-11-04 10:38:42 --> Error connecting to the database: ErrorException: pg_connect(): Unable to connect to PostgreSQL server: connection to server at &quot;192.168.100.22&quot;, port 5432 failed: No route to host
	Is the server running on that host and accepting TCP/IP connections? in /var/www/html/finance/vendor/codeigniter4/framework/system/Database/Postgre/Connection.php:78
Stack trace:
#0 [internal function]: CodeIgniter\Debug\Exceptions->errorHandler()
#1 /var/www/html/finance/vendor/codeigniter4/framework/system/Database/Postgre/Connection.php(78): pg_connect()
#2 /var/www/html/finance/vendor/codeigniter4/framework/system/Database/BaseConnection.php(421): CodeIgniter\Database\Postgre\Connection->connect()
#3 /var/www/html/finance/vendor/codeigniter4/framework/system/Database/BaseConnection.php(620): CodeIgniter\Database\BaseConnection->initialize()
#4 /var/www/html/finance/app/Models/AccessModel.php(64): CodeIgniter\Database\BaseConnection->query()
#5 /var/www/html/finance/app/Models/AccessModel.php(39): App\Models\AccessModel->getByEmail()
#6 /var/www/html/finance/app/Controllers/Access.php(61): App\Models\AccessModel->register()
#7 /var/www/html/finance/vendor/codeigniter4/framework/system/CodeIgniter.php(933): App\Controllers\Access->register()
#8 /var/www/html/finance/vendor/codeigniter4/framework/system/CodeIgniter.php(507): CodeIgniter\CodeIgniter->runController()
#9 /var/www/html/finance/vendor/codeigniter4/framework/system/CodeIgniter.php(354): CodeIgniter\CodeIgniter->handleRequest()
#10 /var/www/html/finance/vendor/codeigniter4/framework/system/Boot.php(334): CodeIgniter\CodeIgniter->run()
#11 /var/www/html/finance/vendor/codeigniter4/framework/system/Boot.php(67): CodeIgniter\Boot::runCodeIgniter()
#12 /var/www/html/finance/public/index.php(59): CodeIgniter\Boot::bootWeb()
#13 {main}
CRITICAL - 2025-11-04 10:38:42 --> CodeIgniter\Database\Exceptions\DatabaseException: Unable to connect to the database.
Main connection [Postgre]: pg_connect(): Unable to connect to PostgreSQL server: connection to server at &quot;192.168.100.22&quot;, port 5432 failed: No route to host
	Is the server running on that host and accepting TCP/IP connections?
[Method: POST, Route: access/register]
in SYSTEMPATH/Database/BaseConnection.php on line 467.
 1 SYSTEMPATH/Database/BaseConnection.php(620): CodeIgniter\Database\BaseConnection->initialize()
 2 APPPATH/Models/AccessModel.php(64): CodeIgniter\Database\BaseConnection->query()
 3 APPPATH/Models/AccessModel.php(39): App\Models\AccessModel->getByEmail()
 4 APPPATH/Controllers/Access.php(61): App\Models\AccessModel->register()
 5 SYSTEMPATH/CodeIgniter.php(933): App\Controllers\Access->register()
 6 SYSTEMPATH/CodeIgniter.php(507): CodeIgniter\CodeIgniter->runController()
 7 SYSTEMPATH/CodeIgniter.php(354): CodeIgniter\CodeIgniter->handleRequest()
 8 SYSTEMPATH/Boot.php(334): CodeIgniter\CodeIgniter->run()
 9 SYSTEMPATH/Boot.php(67): CodeIgniter\Boot::runCodeIgniter()
10 FCPATH/index.php(59): CodeIgniter\Boot::bootWeb()
DEBUG - 2025-11-04 10:39:09 --> Session: Class initialized using 'CodeIgniter\Session\Handlers\FileHandler' driver.
DEBUG - 2025-11-04 10:39:09 --> Session: Class initialized using 'CodeIgniter\Session\Handlers\FileHandler' driver.
INFO - 2025-11-04 10:39:23 --> CSRF token verified.
DEBUG - 2025-11-04 10:39:24 --> Session: Class initialized using 'CodeIgniter\Session\Handlers\FileHandler' driver.
ERROR - 2025-11-04 10:39:24 --> Error connecting to the database: ErrorException: pg_connect(): Unable to connect to PostgreSQL server: connection to server at &quot;192.168.100.17&quot;, port 5432 failed: Connection refused
	Is the server running on that host and accepting TCP/IP connections? in /var/www/html/finance/vendor/codeigniter4/framework/system/Database/Postgre/Connection.php:78
Stack trace:
#0 [internal function]: CodeIgniter\Debug\Exceptions->errorHandler()
#1 /var/www/html/finance/vendor/codeigniter4/framework/system/Database/Postgre/Connection.php(78): pg_connect()
#2 /var/www/html/finance/vendor/codeigniter4/framework/system/Database/BaseConnection.php(421): CodeIgniter\Database\Postgre\Connection->connect()
#3 /var/www/html/finance/vendor/codeigniter4/framework/system/Database/BaseConnection.php(620): CodeIgniter\Database\BaseConnection->initialize()
#4 /var/www/html/finance/app/Models/AccessModel.php(64): CodeIgniter\Database\BaseConnection->query()
#5 /var/www/html/finance/app/Models/AccessModel.php(39): App\Models\AccessModel->getByEmail()
#6 /var/www/html/finance/app/Controllers/Access.php(61): App\Models\AccessModel->register()
#7 /var/www/html/finance/vendor/codeigniter4/framework/system/CodeIgniter.php(933): App\Controllers\Access->register()
#8 /var/www/html/finance/vendor/codeigniter4/framework/system/CodeIgniter.php(507): CodeIgniter\CodeIgniter->runController()
#9 /var/www/html/finance/vendor/codeigniter4/framework/system/CodeIgniter.php(354): CodeIgniter\CodeIgniter->handleRequest()
#10 /var/www/html/finance/vendor/codeigniter4/framework/system/Boot.php(334): CodeIgniter\CodeIgniter->run()
#11 /var/www/html/finance/vendor/codeigniter4/framework/system/Boot.php(67): CodeIgniter\Boot::runCodeIgniter()
#12 /var/www/html/finance/public/index.php(59): CodeIgniter\Boot::bootWeb()
#13 {main}
CRITICAL - 2025-11-04 10:39:24 --> CodeIgniter\Database\Exceptions\DatabaseException: Unable to connect to the database.
Main connection [Postgre]: pg_connect(): Unable to connect to PostgreSQL server: connection to server at &quot;192.168.100.17&quot;, port 5432 failed: Connection refused
	Is the server running on that host and accepting TCP/IP connections?
[Method: POST, Route: access/register]
in SYSTEMPATH/Database/BaseConnection.php on line 467.
 1 SYSTEMPATH/Database/BaseConnection.php(620): CodeIgniter\Database\BaseConnection->initialize()
 2 APPPATH/Models/AccessModel.php(64): CodeIgniter\Database\BaseConnection->query()
 3 APPPATH/Models/AccessModel.php(39): App\Models\AccessModel->getByEmail()
 4 APPPATH/Controllers/Access.php(61): App\Models\AccessModel->register()
 5 SYSTEMPATH/CodeIgniter.php(933): App\Controllers\Access->register()
 6 SYSTEMPATH/CodeIgniter.php(507): CodeIgniter\CodeIgniter->runController()
 7 SYSTEMPATH/CodeIgniter.php(354): CodeIgniter\CodeIgniter->handleRequest()
 8 SYSTEMPATH/Boot.php(334): CodeIgniter\CodeIgniter->run()
 9 SYSTEMPATH/Boot.php(67): CodeIgniter\Boot::runCodeIgniter()
10 FCPATH/index.php(59): CodeIgniter\Boot::bootWeb()
INFO - 2025-11-04 10:42:08 --> CSRF token verified.
DEBUG - 2025-11-04 10:42:08 --> Session: Class initialized using 'CodeIgniter\Session\Handlers\FileHandler' driver.
ERROR - 2025-11-04 10:42:08 --> Error connecting to the database: ErrorException: pg_connect(): Unable to connect to PostgreSQL server: connection to server at &quot;192.168.100.17&quot;, port 5432 failed: Connection refused
	Is the server running on that host and accepting TCP/IP connections? in /var/www/html/finance/vendor/codeigniter4/framework/system/Database/Postgre/Connection.php:78
Stack trace:
#0 [internal function]: CodeIgniter\Debug\Exceptions->errorHandler()
#1 /var/www/html/finance/vendor/codeigniter4/framework/system/Database/Postgre/Connection.php(78): pg_connect()
#2 /var/www/html/finance/vendor/codeigniter4/framework/system/Database/BaseConnection.php(421): CodeIgniter\Database\Postgre\Connection->connect()
#3 /var/www/html/finance/vendor/codeigniter4/framework/system/Database/BaseConnection.php(620): CodeIgniter\Database\BaseConnection->initialize()
#4 /var/www/html/finance/app/Models/AccessModel.php(64): CodeIgniter\Database\BaseConnection->query()
#5 /var/www/html/finance/app/Models/AccessModel.php(39): App\Models\AccessModel->getByEmail()
#6 /var/www/html/finance/app/Controllers/Access.php(61): App\Models\AccessModel->register()
#7 /var/www/html/finance/vendor/codeigniter4/framework/system/CodeIgniter.php(933): App\Controllers\Access->register()
#8 /var/www/html/finance/vendor/codeigniter4/framework/system/CodeIgniter.php(507): CodeIgniter\CodeIgniter->runController()
#9 /var/www/html/finance/vendor/codeigniter4/framework/system/CodeIgniter.php(354): CodeIgniter\CodeIgniter->handleRequest()
#10 /var/www/html/finance/vendor/codeigniter4/framework/system/Boot.php(334): CodeIgniter\CodeIgniter->run()
#11 /var/www/html/finance/vendor/codeigniter4/framework/system/Boot.php(67): CodeIgniter\Boot::runCodeIgniter()
#12 /var/www/html/finance/public/index.php(59): CodeIgniter\Boot::bootWeb()
#13 {main}
CRITICAL - 2025-11-04 10:42:08 --> CodeIgniter\Database\Exceptions\DatabaseException: Unable to connect to the database.
Main connection [Postgre]: pg_connect(): Unable to connect to PostgreSQL server: connection to server at &quot;192.168.100.17&quot;, port 5432 failed: Connection refused
	Is the server running on that host and accepting TCP/IP connections?
[Method: POST, Route: access/register]
in SYSTEMPATH/Database/BaseConnection.php on line 467.
 1 SYSTEMPATH/Database/BaseConnection.php(620): CodeIgniter\Database\BaseConnection->initialize()
 2 APPPATH/Models/AccessModel.php(64): CodeIgniter\Database\BaseConnection->query()
 3 APPPATH/Models/AccessModel.php(39): App\Models\AccessModel->getByEmail()
 4 APPPATH/Controllers/Access.php(61): App\Models\AccessModel->register()
 5 SYSTEMPATH/CodeIgniter.php(933): App\Controllers\Access->register()
 6 SYSTEMPATH/CodeIgniter.php(507): CodeIgniter\CodeIgniter->runController()
 7 SYSTEMPATH/CodeIgniter.php(354): CodeIgniter\CodeIgniter->handleRequest()
 8 SYSTEMPATH/Boot.php(334): CodeIgniter\CodeIgniter->run()
 9 SYSTEMPATH/Boot.php(67): CodeIgniter\Boot::runCodeIgniter()
10 FCPATH/index.php(59): CodeIgniter\Boot::bootWeb()
DEBUG - 2025-11-04 10:42:10 --> Session: Class initialized using 'CodeIgniter\Session\Handlers\FileHandler' driver.
DEBUG - 2025-11-04 10:42:10 --> Session: Class initialized using 'CodeIgniter\Session\Handlers\FileHandler' driver.
INFO - 2025-11-04 10:42:17 --> CSRF token verified.
DEBUG - 2025-11-04 10:42:17 --> Session: Class initialized using 'CodeIgniter\Session\Handlers\FileHandler' driver.
ERROR - 2025-11-04 10:42:17 --> Error connecting to the database: ErrorException: pg_connect(): Unable to connect to PostgreSQL server: connection to server at &quot;192.168.100.17&quot;, port 5432 failed: Connection refused
	Is the server running on that host and accepting TCP/IP connections? in /var/www/html/finance/vendor/codeigniter4/framework/system/Database/Postgre/Connection.php:78
Stack trace:
#0 [internal function]: CodeIgniter\Debug\Exceptions->errorHandler()
#1 /var/www/html/finance/vendor/codeigniter4/framework/system/Database/Postgre/Connection.php(78): pg_connect()
#2 /var/www/html/finance/vendor/codeigniter4/framework/system/Database/BaseConnection.php(421): CodeIgniter\Database\Postgre\Connection->connect()
#3 /var/www/html/finance/vendor/codeigniter4/framework/system/Database/BaseConnection.php(620): CodeIgniter\Database\BaseConnection->initialize()
#4 /var/www/html/finance/app/Models/AccessModel.php(64): CodeIgniter\Database\BaseConnection->query()
#5 /var/www/html/finance/app/Models/AccessModel.php(39): App\Models\AccessModel->getByEmail()
#6 /var/www/html/finance/app/Controllers/Access.php(61): App\Models\AccessModel->register()
#7 /var/www/html/finance/vendor/codeigniter4/framework/system/CodeIgniter.php(933): App\Controllers\Access->register()
#8 /var/www/html/finance/vendor/codeigniter4/framework/system/CodeIgniter.php(507): CodeIgniter\CodeIgniter->runController()
#9 /var/www/html/finance/vendor/codeigniter4/framework/system/CodeIgniter.php(354): CodeIgniter\CodeIgniter->handleRequest()
#10 /var/www/html/finance/vendor/codeigniter4/framework/system/Boot.php(334): CodeIgniter\CodeIgniter->run()
#11 /var/www/html/finance/vendor/codeigniter4/framework/system/Boot.php(67): CodeIgniter\Boot::runCodeIgniter()
#12 /var/www/html/finance/public/index.php(59): CodeIgniter\Boot::bootWeb()
#13 {main}
CRITICAL - 2025-11-04 10:42:17 --> CodeIgniter\Database\Exceptions\DatabaseException: Unable to connect to the database.
Main connection [Postgre]: pg_connect(): Unable to connect to PostgreSQL server: connection to server at &quot;192.168.100.17&quot;, port 5432 failed: Connection refused
	Is the server running on that host and accepting TCP/IP connections?
[Method: POST, Route: access/register]
in SYSTEMPATH/Database/BaseConnection.php on line 467.
 1 SYSTEMPATH/Database/BaseConnection.php(620): CodeIgniter\Database\BaseConnection->initialize()
 2 APPPATH/Models/AccessModel.php(64): CodeIgniter\Database\BaseConnection->query()
 3 APPPATH/Models/AccessModel.php(39): App\Models\AccessModel->getByEmail()
 4 APPPATH/Controllers/Access.php(61): App\Models\AccessModel->register()
 5 SYSTEMPATH/CodeIgniter.php(933): App\Controllers\Access->register()
 6 SYSTEMPATH/CodeIgniter.php(507): CodeIgniter\CodeIgniter->runController()
 7 SYSTEMPATH/CodeIgniter.php(354): CodeIgniter\CodeIgniter->handleRequest()
 8 SYSTEMPATH/Boot.php(334): CodeIgniter\CodeIgniter->run()
 9 SYSTEMPATH/Boot.php(67): CodeIgniter\Boot::runCodeIgniter()
10 FCPATH/index.php(59): CodeIgniter\Boot::bootWeb()
DEBUG - 2025-11-04 10:43:26 --> Session: Class initialized using 'CodeIgniter\Session\Handlers\FileHandler' driver.
DEBUG - 2025-11-04 10:43:26 --> Session: Class initialized using 'CodeIgniter\Session\Handlers\FileHandler' driver.
INFO - 2025-11-04 10:43:36 --> CSRF token verified.
DEBUG - 2025-11-04 10:43:36 --> Session: Class initialized using 'CodeIgniter\Session\Handlers\FileHandler' driver.
ERROR - 2025-11-04 10:43:36 --> Error connecting to the database: ErrorException: pg_connect(): Unable to connect to PostgreSQL server: connection to server at &quot;192.168.100.17&quot;, port 5432 failed: Connection refused
	Is the server running on that host and accepting TCP/IP connections? in /var/www/html/finance/vendor/codeigniter4/framework/system/Database/Postgre/Connection.php:78
Stack trace:
#0 [internal function]: CodeIgniter\Debug\Exceptions->errorHandler()
#1 /var/www/html/finance/vendor/codeigniter4/framework/system/Database/Postgre/Connection.php(78): pg_connect()
#2 /var/www/html/finance/vendor/codeigniter4/framework/system/Database/BaseConnection.php(421): CodeIgniter\Database\Postgre\Connection->connect()
#3 /var/www/html/finance/vendor/codeigniter4/framework/system/Database/BaseConnection.php(620): CodeIgniter\Database\BaseConnection->initialize()
#4 /var/www/html/finance/app/Models/AccessModel.php(64): CodeIgniter\Database\BaseConnection->query()
#5 /var/www/html/finance/app/Models/AccessModel.php(39): App\Models\AccessModel->getByEmail()
#6 /var/www/html/finance/app/Controllers/Access.php(61): App\Models\AccessModel->register()
#7 /var/www/html/finance/vendor/codeigniter4/framework/system/CodeIgniter.php(933): App\Controllers\Access->register()
#8 /var/www/html/finance/vendor/codeigniter4/framework/system/CodeIgniter.php(507): CodeIgniter\CodeIgniter->runController()
#9 /var/www/html/finance/vendor/codeigniter4/framework/system/CodeIgniter.php(354): CodeIgniter\CodeIgniter->handleRequest()
#10 /var/www/html/finance/vendor/codeigniter4/framework/system/Boot.php(334): CodeIgniter\CodeIgniter->run()
#11 /var/www/html/finance/vendor/codeigniter4/framework/system/Boot.php(67): CodeIgniter\Boot::runCodeIgniter()
#12 /var/www/html/finance/public/index.php(59): CodeIgniter\Boot::bootWeb()
#13 {main}
CRITICAL - 2025-11-04 10:43:36 --> CodeIgniter\Database\Exceptions\DatabaseException: Unable to connect to the database.
Main connection [Postgre]: pg_connect(): Unable to connect to PostgreSQL server: connection to server at &quot;192.168.100.17&quot;, port 5432 failed: Connection refused
	Is the server running on that host and accepting TCP/IP connections?
[Method: POST, Route: access/register]
in SYSTEMPATH/Database/BaseConnection.php on line 467.
 1 SYSTEMPATH/Database/BaseConnection.php(620): CodeIgniter\Database\BaseConnection->initialize()
 2 APPPATH/Models/AccessModel.php(64): CodeIgniter\Database\BaseConnection->query()
 3 APPPATH/Models/AccessModel.php(39): App\Models\AccessModel->getByEmail()
 4 APPPATH/Controllers/Access.php(61): App\Models\AccessModel->register()
 5 SYSTEMPATH/CodeIgniter.php(933): App\Controllers\Access->register()
 6 SYSTEMPATH/CodeIgniter.php(507): CodeIgniter\CodeIgniter->runController()
 7 SYSTEMPATH/CodeIgniter.php(354): CodeIgniter\CodeIgniter->handleRequest()
 8 SYSTEMPATH/Boot.php(334): CodeIgniter\CodeIgniter->run()
 9 SYSTEMPATH/Boot.php(67): CodeIgniter\Boot::runCodeIgniter()
10 FCPATH/index.php(59): CodeIgniter\Boot::bootWeb()
INFO - 2025-11-04 10:47:03 --> CSRF token verified.
DEBUG - 2025-11-04 10:47:03 --> Session: Class initialized using 'CodeIgniter\Session\Handlers\FileHandler' driver.
ERROR - 2025-11-04 10:47:03 --> Error connecting to the database: ErrorException: pg_connect(): Unable to connect to PostgreSQL server: connection to server at &quot;192.168.100.17&quot;, port 5432 failed: FATAL:  password authentication failed for user &quot;postgres&quot;
connection to server at &quot;192.168.100.17&quot;, port 5432 failed: FATAL:  password authentication failed for user &quot;postgres&quot; in /var/www/html/finance/vendor/codeigniter4/framework/system/Database/Postgre/Connection.php:78
Stack trace:
#0 [internal function]: CodeIgniter\Debug\Exceptions->errorHandler()
#1 /var/www/html/finance/vendor/codeigniter4/framework/system/Database/Postgre/Connection.php(78): pg_connect()
#2 /var/www/html/finance/vendor/codeigniter4/framework/system/Database/BaseConnection.php(421): CodeIgniter\Database\Postgre\Connection->connect()
#3 /var/www/html/finance/vendor/codeigniter4/framework/system/Database/BaseConnection.php(620): CodeIgniter\Database\BaseConnection->initialize()
#4 /var/www/html/finance/app/Models/AccessModel.php(64): CodeIgniter\Database\BaseConnection->query()
#5 /var/www/html/finance/app/Models/AccessModel.php(39): App\Models\AccessModel->getByEmail()
#6 /var/www/html/finance/app/Controllers/Access.php(61): App\Models\AccessModel->register()
#7 /var/www/html/finance/vendor/codeigniter4/framework/system/CodeIgniter.php(933): App\Controllers\Access->register()
#8 /var/www/html/finance/vendor/codeigniter4/framework/system/CodeIgniter.php(507): CodeIgniter\CodeIgniter->runController()
#9 /var/www/html/finance/vendor/codeigniter4/framework/system/CodeIgniter.php(354): CodeIgniter\CodeIgniter->handleRequest()
#10 /var/www/html/finance/vendor/codeigniter4/framework/system/Boot.php(334): CodeIgniter\CodeIgniter->run()
#11 /var/www/html/finance/vendor/codeigniter4/framework/system/Boot.php(67): CodeIgniter\Boot::runCodeIgniter()
#12 /var/www/html/finance/public/index.php(59): CodeIgniter\Boot::bootWeb()
#13 {main}
CRITICAL - 2025-11-04 10:47:03 --> CodeIgniter\Database\Exceptions\DatabaseException: Unable to connect to the database.
Main connection [Postgre]: pg_connect(): Unable to connect to PostgreSQL server: connection to server at &quot;192.168.100.17&quot;, port 5432 failed: FATAL:  password authentication failed for user &quot;postgres&quot;
connection to server at &quot;192.168.100.17&quot;, port 5432 failed: FATAL:  password authentication failed for user &quot;postgres&quot;
[Method: POST, Route: access/register]
in SYSTEMPATH/Database/BaseConnection.php on line 467.
 1 SYSTEMPATH/Database/BaseConnection.php(620): CodeIgniter\Database\BaseConnection->initialize()
 2 APPPATH/Models/AccessModel.php(64): CodeIgniter\Database\BaseConnection->query()
 3 APPPATH/Models/AccessModel.php(39): App\Models\AccessModel->getByEmail()
 4 APPPATH/Controllers/Access.php(61): App\Models\AccessModel->register()
 5 SYSTEMPATH/CodeIgniter.php(933): App\Controllers\Access->register()
 6 SYSTEMPATH/CodeIgniter.php(507): CodeIgniter\CodeIgniter->runController()
 7 SYSTEMPATH/CodeIgniter.php(354): CodeIgniter\CodeIgniter->handleRequest()
 8 SYSTEMPATH/Boot.php(334): CodeIgniter\CodeIgniter->run()
 9 SYSTEMPATH/Boot.php(67): CodeIgniter\Boot::runCodeIgniter()
10 FCPATH/index.php(59): CodeIgniter\Boot::bootWeb()
DEBUG - 2025-11-04 10:47:07 --> Session: Class initialized using 'CodeIgniter\Session\Handlers\FileHandler' driver.
INFO - 2025-11-04 10:48:56 --> CSRF token verified.
DEBUG - 2025-11-04 10:48:56 --> Session: Class initialized using 'CodeIgniter\Session\Handlers\FileHandler' driver.
DEBUG - 2025-11-04 10:48:57 --> Session: Class initialized using 'CodeIgniter\Session\Handlers\FileHandler' driver.
DEBUG - 2025-11-04 10:48:57 --> Session: Class initialized using 'CodeIgniter\Session\Handlers\FileHandler' driver.
DEBUG - 2025-11-04 10:49:03 --> Session: Class initialized using 'CodeIgniter\Session\Handlers\FileHandler' driver.
INFO - 2025-11-04 10:49:11 --> CSRF token verified.
DEBUG - 2025-11-04 10:49:11 --> Session: Class initialized using 'CodeIgniter\Session\Handlers\FileHandler' driver.
DEBUG - 2025-11-04 10:49:11 --> Session: Class initialized using 'CodeIgniter\Session\Handlers\FileHandler' driver.
DEBUG - 2025-11-04 10:49:15 --> Session: Class initialized using 'CodeIgniter\Session\Handlers\FileHandler' driver.
DEBUG - 2025-11-04 10:49:19 --> Session: Class initialized using 'CodeIgniter\Session\Handlers\FileHandler' driver.
DEBUG - 2025-11-04 10:49:21 --> Session: Class initialized using 'CodeIgniter\Session\Handlers\FileHandler' driver.
DEBUG - 2025-11-04 10:50:01 --> Session: Class initialized using 'CodeIgniter\Session\Handlers\FileHandler' driver.
DEBUG - 2025-11-04 10:50:05 --> Session: Class initialized using 'CodeIgniter\Session\Handlers\FileHandler' driver.
DEBUG - 2025-11-04 10:50:06 --> Session: Class initialized using 'CodeIgniter\Session\Handlers\FileHandler' driver.
INFO - 2025-11-04 10:50:16 --> CSRF token verified.
DEBUG - 2025-11-04 10:50:16 --> Session: Class initialized using 'CodeIgniter\Session\Handlers\FileHandler' driver.
DEBUG - 2025-11-04 10:50:17 --> Session: Class initialized using 'CodeIgniter\Session\Handlers\FileHandler' driver.
INFO - 2025-11-04 10:50:24 --> CSRF token verified.
DEBUG - 2025-11-04 10:50:24 --> Session: Class initialized using 'CodeIgniter\Session\Handlers\FileHandler' driver.
DEBUG - 2025-11-04 10:50:24 --> Session: Class initialized using 'CodeIgniter\Session\Handlers\FileHandler' driver.
INFO - 2025-11-04 10:50:29 --> CSRF token verified.
DEBUG - 2025-11-04 10:50:29 --> Session: Class initialized using 'CodeIgniter\Session\Handlers\FileHandler' driver.
DEBUG - 2025-11-04 10:50:29 --> Session: Class initialized using 'CodeIgniter\Session\Handlers\FileHandler' driver.
DEBUG - 2025-11-04 10:50:35 --> Session: Class initialized using 'CodeIgniter\Session\Handlers\FileHandler' driver.
ERROR - 2025-11-04 10:50:35 --> ErrorException: pg_query(): Query failed: ERROR:  relation &quot;videos&quot; does not exist
LINE 1: SELECT * FROM videos ORDER BY id DESC
                      ^ in /var/www/html/finance/vendor/codeigniter4/framework/system/Database/Postgre/Connection.php:206
Stack trace:
#0 [internal function]: CodeIgniter\Debug\Exceptions->errorHandler()
#1 /var/www/html/finance/vendor/codeigniter4/framework/system/Database/Postgre/Connection.php(206): pg_query()
#2 /var/www/html/finance/vendor/codeigniter4/framework/system/Database/BaseConnection.php(738): CodeIgniter\Database\Postgre\Connection->execute()
#3 /var/www/html/finance/vendor/codeigniter4/framework/system/Database/BaseConnection.php(652): CodeIgniter\Database\BaseConnection->simpleQuery()
#4 /var/www/html/finance/app/Models/VideoModel.php(32): CodeIgniter\Database\BaseConnection->query()
#5 /var/www/html/finance/app/Controllers/VideoController.php(27): App\Models\VideoModel->grid()
#6 /var/www/html/finance/vendor/codeigniter4/framework/system/CodeIgniter.php(933): App\Controllers\VideoController->index()
#7 /var/www/html/finance/vendor/codeigniter4/framework/system/CodeIgniter.php(507): CodeIgniter\CodeIgniter->runController()
#8 /var/www/html/finance/vendor/codeigniter4/framework/system/CodeIgniter.php(354): CodeIgniter\CodeIgniter->handleRequest()
#9 /var/www/html/finance/vendor/codeigniter4/framework/system/Boot.php(334): CodeIgniter\CodeIgniter->run()
#10 /var/www/html/finance/vendor/codeigniter4/framework/system/Boot.php(67): CodeIgniter\Boot::runCodeIgniter()
#11 /var/www/html/finance/public/index.php(59): CodeIgniter\Boot::bootWeb()
#12 {main}
CRITICAL - 2025-11-04 10:50:35 --> CodeIgniter\Database\Exceptions\DatabaseException: pg_query(): Query failed: ERROR:  relation &quot;videos&quot; does not exist
LINE 1: SELECT * FROM videos ORDER BY id DESC
                      ^
[Method: GET, Route: VideoController]
in SYSTEMPATH/Database/BaseConnection.php on line 692.
 1 APPPATH/Models/VideoModel.php(32): CodeIgniter\Database\BaseConnection->query()
 2 APPPATH/Controllers/VideoController.php(27): App\Models\VideoModel->grid()
 3 SYSTEMPATH/CodeIgniter.php(933): App\Controllers\VideoController->index()
 4 SYSTEMPATH/CodeIgniter.php(507): CodeIgniter\CodeIgniter->runController()
 5 SYSTEMPATH/CodeIgniter.php(354): CodeIgniter\CodeIgniter->handleRequest()
 6 SYSTEMPATH/Boot.php(334): CodeIgniter\CodeIgniter->run()
 7 SYSTEMPATH/Boot.php(67): CodeIgniter\Boot::runCodeIgniter()
 8 FCPATH/index.php(59): CodeIgniter\Boot::bootWeb()
CRITICAL - 2025-11-04 10:50:35 --> [Caused by] CodeIgniter\Database\Exceptions\DatabaseException: pg_query(): Query failed: ERROR:  relation &quot;videos&quot; does not exist
LINE 1: SELECT * FROM videos ORDER BY id DESC
                      ^
in SYSTEMPATH/Database/Postgre/Connection.php on line 211.
 1 SYSTEMPATH/Database/BaseConnection.php(738): CodeIgniter\Database\Postgre\Connection->execute()
 2 SYSTEMPATH/Database/BaseConnection.php(652): CodeIgniter\Database\BaseConnection->simpleQuery()
 3 APPPATH/Models/VideoModel.php(32): CodeIgniter\Database\BaseConnection->query()
 4 APPPATH/Controllers/VideoController.php(27): App\Models\VideoModel->grid()
 5 SYSTEMPATH/CodeIgniter.php(933): App\Controllers\VideoController->index()
 6 SYSTEMPATH/CodeIgniter.php(507): CodeIgniter\CodeIgniter->runController()
 7 SYSTEMPATH/CodeIgniter.php(354): CodeIgniter\CodeIgniter->handleRequest()
 8 SYSTEMPATH/Boot.php(334): CodeIgniter\CodeIgniter->run()
 9 SYSTEMPATH/Boot.php(67): CodeIgniter\Boot::runCodeIgniter()
10 FCPATH/index.php(59): CodeIgniter\Boot::bootWeb()
CRITICAL - 2025-11-04 10:50:35 --> [Caused by] ErrorException: pg_query(): Query failed: ERROR:  relation &quot;videos&quot; does not exist
LINE 1: SELECT * FROM videos ORDER BY id DESC
                      ^
in SYSTEMPATH/Database/Postgre/Connection.php on line 206.
 1 [internal function]: CodeIgniter\Debug\Exceptions->errorHandler()
 2 SYSTEMPATH/Database/Postgre/Connection.php(206): pg_query()
 3 SYSTEMPATH/Database/BaseConnection.php(738): CodeIgniter\Database\Postgre\Connection->execute()
 4 SYSTEMPATH/Database/BaseConnection.php(652): CodeIgniter\Database\BaseConnection->simpleQuery()
 5 APPPATH/Models/VideoModel.php(32): CodeIgniter\Database\BaseConnection->query()
 6 APPPATH/Controllers/VideoController.php(27): App\Models\VideoModel->grid()
 7 SYSTEMPATH/CodeIgniter.php(933): App\Controllers\VideoController->index()
 8 SYSTEMPATH/CodeIgniter.php(507): CodeIgniter\CodeIgniter->runController()
 9 SYSTEMPATH/CodeIgniter.php(354): CodeIgniter\CodeIgniter->handleRequest()
10 SYSTEMPATH/Boot.php(334): CodeIgniter\CodeIgniter->run()
11 SYSTEMPATH/Boot.php(67): CodeIgniter\Boot::runCodeIgniter()
12 FCPATH/index.php(59): CodeIgniter\Boot::bootWeb()
DEBUG - 2025-11-04 10:52:12 --> Session: Class initialized using 'CodeIgniter\Session\Handlers\FileHandler' driver.
DEBUG - 2025-11-04 10:52:12 --> Session: Class initialized using 'CodeIgniter\Session\Handlers\FileHandler' driver.
DEBUG - 2025-11-04 10:52:14 --> Session: Class initialized using 'CodeIgniter\Session\Handlers\FileHandler' driver.
DEBUG - 2025-11-04 10:52:14 --> Session: Class initialized using 'CodeIgniter\Session\Handlers\FileHandler' driver.
INFO - 2025-11-04 10:52:18 --> CSRF token verified.
DEBUG - 2025-11-04 10:52:18 --> Session: Class initialized using 'CodeIgniter\Session\Handlers\FileHandler' driver.
DEBUG - 2025-11-04 10:52:19 --> Session: Class initialized using 'CodeIgniter\Session\Handlers\FileHandler' driver.
DEBUG - 2025-11-04 10:52:36 --> Session: Class initialized using 'CodeIgniter\Session\Handlers\FileHandler' driver.
ERROR - 2025-11-04 10:52:36 --> ErrorException: pg_query(): Query failed: ERROR:  relation &quot;videos&quot; does not exist
LINE 1: SELECT * FROM videos ORDER BY id DESC
                      ^ in /var/www/html/finance/vendor/codeigniter4/framework/system/Database/Postgre/Connection.php:206
Stack trace:
#0 [internal function]: CodeIgniter\Debug\Exceptions->errorHandler()
#1 /var/www/html/finance/vendor/codeigniter4/framework/system/Database/Postgre/Connection.php(206): pg_query()
#2 /var/www/html/finance/vendor/codeigniter4/framework/system/Database/BaseConnection.php(738): CodeIgniter\Database\Postgre\Connection->execute()
#3 /var/www/html/finance/vendor/codeigniter4/framework/system/Database/BaseConnection.php(652): CodeIgniter\Database\BaseConnection->simpleQuery()
#4 /var/www/html/finance/app/Models/VideoModel.php(32): CodeIgniter\Database\BaseConnection->query()
#5 /var/www/html/finance/app/Controllers/VideoController.php(27): App\Models\VideoModel->grid()
#6 /var/www/html/finance/vendor/codeigniter4/framework/system/CodeIgniter.php(933): App\Controllers\VideoController->index()
#7 /var/www/html/finance/vendor/codeigniter4/framework/system/CodeIgniter.php(507): CodeIgniter\CodeIgniter->runController()
#8 /var/www/html/finance/vendor/codeigniter4/framework/system/CodeIgniter.php(354): CodeIgniter\CodeIgniter->handleRequest()
#9 /var/www/html/finance/vendor/codeigniter4/framework/system/Boot.php(334): CodeIgniter\CodeIgniter->run()
#10 /var/www/html/finance/vendor/codeigniter4/framework/system/Boot.php(67): CodeIgniter\Boot::runCodeIgniter()
#11 /var/www/html/finance/public/index.php(59): CodeIgniter\Boot::bootWeb()
#12 {main}
CRITICAL - 2025-11-04 10:52:36 --> CodeIgniter\Database\Exceptions\DatabaseException: pg_query(): Query failed: ERROR:  relation &quot;videos&quot; does not exist
LINE 1: SELECT * FROM videos ORDER BY id DESC
                      ^
[Method: GET, Route: VideoController]
in SYSTEMPATH/Database/BaseConnection.php on line 692.
 1 APPPATH/Models/VideoModel.php(32): CodeIgniter\Database\BaseConnection->query()
 2 APPPATH/Controllers/VideoController.php(27): App\Models\VideoModel->grid()
 3 SYSTEMPATH/CodeIgniter.php(933): App\Controllers\VideoController->index()
 4 SYSTEMPATH/CodeIgniter.php(507): CodeIgniter\CodeIgniter->runController()
 5 SYSTEMPATH/CodeIgniter.php(354): CodeIgniter\CodeIgniter->handleRequest()
 6 SYSTEMPATH/Boot.php(334): CodeIgniter\CodeIgniter->run()
 7 SYSTEMPATH/Boot.php(67): CodeIgniter\Boot::runCodeIgniter()
 8 FCPATH/index.php(59): CodeIgniter\Boot::bootWeb()
CRITICAL - 2025-11-04 10:52:36 --> [Caused by] CodeIgniter\Database\Exceptions\DatabaseException: pg_query(): Query failed: ERROR:  relation &quot;videos&quot; does not exist
LINE 1: SELECT * FROM videos ORDER BY id DESC
                      ^
in SYSTEMPATH/Database/Postgre/Connection.php on line 211.
 1 SYSTEMPATH/Database/BaseConnection.php(738): CodeIgniter\Database\Postgre\Connection->execute()
 2 SYSTEMPATH/Database/BaseConnection.php(652): CodeIgniter\Database\BaseConnection->simpleQuery()
 3 APPPATH/Models/VideoModel.php(32): CodeIgniter\Database\BaseConnection->query()
 4 APPPATH/Controllers/VideoController.php(27): App\Models\VideoModel->grid()
 5 SYSTEMPATH/CodeIgniter.php(933): App\Controllers\VideoController->index()
 6 SYSTEMPATH/CodeIgniter.php(507): CodeIgniter\CodeIgniter->runController()
 7 SYSTEMPATH/CodeIgniter.php(354): CodeIgniter\CodeIgniter->handleRequest()
 8 SYSTEMPATH/Boot.php(334): CodeIgniter\CodeIgniter->run()
 9 SYSTEMPATH/Boot.php(67): CodeIgniter\Boot::runCodeIgniter()
10 FCPATH/index.php(59): CodeIgniter\Boot::bootWeb()
CRITICAL - 2025-11-04 10:52:36 --> [Caused by] ErrorException: pg_query(): Query failed: ERROR:  relation &quot;videos&quot; does not exist
LINE 1: SELECT * FROM videos ORDER BY id DESC
                      ^
in SYSTEMPATH/Database/Postgre/Connection.php on line 206.
 1 [internal function]: CodeIgniter\Debug\Exceptions->errorHandler()
 2 SYSTEMPATH/Database/Postgre/Connection.php(206): pg_query()
 3 SYSTEMPATH/Database/BaseConnection.php(738): CodeIgniter\Database\Postgre\Connection->execute()
 4 SYSTEMPATH/Database/BaseConnection.php(652): CodeIgniter\Database\BaseConnection->simpleQuery()
 5 APPPATH/Models/VideoModel.php(32): CodeIgniter\Database\BaseConnection->query()
 6 APPPATH/Controllers/VideoController.php(27): App\Models\VideoModel->grid()
 7 SYSTEMPATH/CodeIgniter.php(933): App\Controllers\VideoController->index()
 8 SYSTEMPATH/CodeIgniter.php(507): CodeIgniter\CodeIgniter->runController()
 9 SYSTEMPATH/CodeIgniter.php(354): CodeIgniter\CodeIgniter->handleRequest()
10 SYSTEMPATH/Boot.php(334): CodeIgniter\CodeIgniter->run()
11 SYSTEMPATH/Boot.php(67): CodeIgniter\Boot::runCodeIgniter()
12 FCPATH/index.php(59): CodeIgniter\Boot::bootWeb()
DEBUG - 2025-11-04 10:55:36 --> Session: Class initialized using 'CodeIgniter\Session\Handlers\FileHandler' driver.
DEBUG - 2025-11-04 10:55:43 --> Session: Class initialized using 'CodeIgniter\Session\Handlers\FileHandler' driver.
DEBUG - 2025-11-04 10:55:48 --> Session: Class initialized using 'CodeIgniter\Session\Handlers\FileHandler' driver.
DEBUG - 2025-11-04 10:55:48 --> Session: Class initialized using 'CodeIgniter\Session\Handlers\FileHandler' driver.
DEBUG - 2025-11-04 10:56:43 --> Session: Class initialized using 'CodeIgniter\Session\Handlers\FileHandler' driver.
DEBUG - 2025-11-04 10:56:44 --> Session: Class initialized using 'CodeIgniter\Session\Handlers\FileHandler' driver.
DEBUG - 2025-11-04 10:56:46 --> Session: Class initialized using 'CodeIgniter\Session\Handlers\FileHandler' driver.
